[MAQAO] PROCESS LAUNCHED (host oceane-X751LB, process 1201)
38.11
38.10
38.09
38.09
38.08
38.10
38.09
38.09
38.09
38.09
38.10
38.09
38.10
38.08
38.08
38.09
38.11
38.09
38.09
38.10
38.09
38.08
38.09
38.10
38.08
38.09
38.10
38.08
38.09
38.09
38.08
[MAQAO] PROCESSING SAMPLES (host oceane-X751LB, process 1201)
[MAQAO] FINISHED PROCESSING SAMPLES (host oceane-X751LB, process 1201)
[MAQAO] STOP PROFILING (host oceane-X751LB, process 1201)
In fct collect_hwc (lua_lprof L8615):
Info: Copied kernel symbols from /proc/kallsyms
[MAQAO] ANALYZING EXECUTABLE /home/oceane/Documents/AOA/AOA/maqao/binary
[MAQAO] EXECUTABLE /home/oceane/Documents/AOA/AOA/maqao/binary DONE
[MAQAO] Your experiment path is /home/oceane/Documents/AOA/AOA/maqao/lprof_npsu/
[MAQAO] To display your profiling results:
####################################################################################
#     LEVEL    |   REPORT   |                        COMMAND                       #
####################################################################################
#  Functions   |  Summary   |  maqao lprof -df xp=/home/oceane/Documents/AOA/AOA/  #
#  Functions   |  Complete  |  maqao lprof -df xp=/home/oceane/Documents/AOA/AOA/  #
#  Loops       |  Summary   |  maqao lprof -dl xp=/home/oceane/Documents/AOA/AOA/  #
#  Loops       |  Complete  |  maqao lprof -dl xp=/home/oceane/Documents/AOA/AOA/  #
#  Fcts+Loops  |  HTML      |  maqao lprof     xp=/home/oceane/Documents/AOA/AOA/  #
####################################################################################
Info: The CSV file /home/oceane/Documents/AOA/AOA/maqao/shared/lprof_npsu.csv_lprof_loops_summary_xp_lprof_npsu.csv has been generated
Info: The CSV file /home/oceane/Documents/AOA/AOA/maqao/shared/lprof_fct_npsu.csv_lprof_cat_summary_lprof_npsu.csv has been generated

Info: The CSV file /home/oceane/Documents/AOA/AOA/maqao/shared/lprof_fct_npsu.csv_lprof_functions_summary_xp_lprof_npsu.csv has been generated
Info: The CSV file /home/oceane/Documents/AOA/AOA/maqao/shared/lprof_npsu.csv_lprof_loops_xp_lprof_npsu_H_oceane-X751LB_P_1201_T_1201.csv has been generated
Info: The CSV file /home/oceane/Documents/AOA/AOA/maqao/shared/lprof_fct_npsu.csv_lprof_cat_summary_lprof_npsu.csv has been generated

Info: The CSV file /home/oceane/Documents/AOA/AOA/maqao/shared/lprof_fct_npsu.csv_lprof_functions_xp_lprof_npsu_H_oceane-X751LB_P_1201_T_1201.csv has been generated
Info: The CSV file /home/oceane/Documents/AOA/AOA/maqao/shared/lprof_npsu.csv_lprof_cat_summary_lprof_npsu.csv has been generated
Info: The CSV file /home/oceane/Documents/AOA/AOA/maqao/shared/lprof_npsu.csv_lprof_cat_per_node_lprof_npsu.csv has been generated
Info: The CSV file /home/oceane/Documents/AOA/AOA/maqao/shared/lprof_npsu.csv_lprof_cat_per_process_from_node_oceane-X751LB_xp_lprof_npsu.csv has been generated
Info: The CSV file /home/oceane/Documents/AOA/AOA/maqao/shared/lprof_npsu.csv_lprof_cat_per_thread_from_process_1201_from_node_oceane-X751LB_xp_lprof_npsu.csv has been generated

Info: The CSV file /home/oceane/Documents/AOA/AOA/maqao/shared/lprof_npsu.csv_lprof_functions_summary_xp_lprof_npsu.csv has been generated
