[MAQAO] PROCESS LAUNCHED (host Normandy, process 1348)
40.13
39.17
39.12
39.16
39.34
39.18
39.17
39.18
39.13
39.26
39.32
39.17
39.13
39.15
39.18
39.14
39.15
39.13
39.14
39.26
39.15
39.14
39.15
39.17
39.15
39.14
39.13
39.15
39.24
39.14
39.16
[MAQAO] PROCESSING SAMPLES (host Normandy, process 1348)
[MAQAO] FINISHED PROCESSING SAMPLES (host Normandy, process 1348)
[MAQAO] STOP PROFILING (host Normandy, process 1348)
In fct collect_hwc (lua_lprof L8615):
Info: Copied kernel symbols from /proc/kallsyms
[MAQAO] ANALYZING EXECUTABLE /home/pierre/Bureau/AOA/report/L1/P2/maqao_OPT_OMP/binary
[MAQAO] EXECUTABLE /home/pierre/Bureau/AOA/report/L1/P2/maqao_OPT_OMP/binary DONE
[MAQAO] Your experiment path is /home/pierre/Bureau/AOA/report/L1/P2/maqao_OPT_OMP/lprof_npsu/
[MAQAO] To display your profiling results:
####################################################################################
#     LEVEL    |   REPORT   |                        COMMAND                       #
####################################################################################
#  Functions   |  Summary   |  maqao lprof -df xp=/home/pierre/Bureau/AOA/report/  #
#  Functions   |  Complete  |  maqao lprof -df xp=/home/pierre/Bureau/AOA/report/  #
#  Loops       |  Summary   |  maqao lprof -dl xp=/home/pierre/Bureau/AOA/report/  #
#  Loops       |  Complete  |  maqao lprof -dl xp=/home/pierre/Bureau/AOA/report/  #
#  Fcts+Loops  |  HTML      |  maqao lprof     xp=/home/pierre/Bureau/AOA/report/  #
####################################################################################
Info: The CSV file /home/pierre/Bureau/AOA/report/L1/P2/maqao_OPT_OMP/shared/lprof_npsu.csv_lprof_loops_summary_xp_lprof_npsu.csv has been generated
Info: The CSV file /home/pierre/Bureau/AOA/report/L1/P2/maqao_OPT_OMP/shared/lprof_fct_npsu.csv_lprof_cat_summary_lprof_npsu.csv has been generated

Info: The CSV file /home/pierre/Bureau/AOA/report/L1/P2/maqao_OPT_OMP/shared/lprof_fct_npsu.csv_lprof_functions_summary_xp_lprof_npsu.csv has been generated
Info: The CSV file /home/pierre/Bureau/AOA/report/L1/P2/maqao_OPT_OMP/shared/lprof_npsu.csv_lprof_loops_xp_lprof_npsu_H_Normandy_P_1348_T_1348.csv has been generated
Info: The CSV file /home/pierre/Bureau/AOA/report/L1/P2/maqao_OPT_OMP/shared/lprof_npsu.csv_lprof_loops_xp_lprof_npsu_H_Normandy_P_1348_T_1350.csv has been generated
Info: The CSV file /home/pierre/Bureau/AOA/report/L1/P2/maqao_OPT_OMP/shared/lprof_npsu.csv_lprof_loops_xp_lprof_npsu_H_Normandy_P_1348_T_1351.csv has been generated
Info: The CSV file /home/pierre/Bureau/AOA/report/L1/P2/maqao_OPT_OMP/shared/lprof_npsu.csv_lprof_loops_xp_lprof_npsu_H_Normandy_P_1348_T_1352.csv has been generated
Info: The CSV file /home/pierre/Bureau/AOA/report/L1/P2/maqao_OPT_OMP/shared/lprof_fct_npsu.csv_lprof_cat_summary_lprof_npsu.csv has been generated

Info: The CSV file /home/pierre/Bureau/AOA/report/L1/P2/maqao_OPT_OMP/shared/lprof_fct_npsu.csv_lprof_functions_xp_lprof_npsu_H_Normandy_P_1348_T_1348.csv has been generated
Info: The CSV file /home/pierre/Bureau/AOA/report/L1/P2/maqao_OPT_OMP/shared/lprof_fct_npsu.csv_lprof_functions_xp_lprof_npsu_H_Normandy_P_1348_T_1350.csv has been generated
Info: The CSV file /home/pierre/Bureau/AOA/report/L1/P2/maqao_OPT_OMP/shared/lprof_fct_npsu.csv_lprof_functions_xp_lprof_npsu_H_Normandy_P_1348_T_1351.csv has been generated
Info: The CSV file /home/pierre/Bureau/AOA/report/L1/P2/maqao_OPT_OMP/shared/lprof_fct_npsu.csv_lprof_functions_xp_lprof_npsu_H_Normandy_P_1348_T_1352.csv has been generated
Info: The CSV file /home/pierre/Bureau/AOA/report/L1/P2/maqao_OPT_OMP/shared/lprof_npsu.csv_lprof_cat_summary_lprof_npsu.csv has been generated
Info: The CSV file /home/pierre/Bureau/AOA/report/L1/P2/maqao_OPT_OMP/shared/lprof_npsu.csv_lprof_cat_per_node_lprof_npsu.csv has been generated
Info: The CSV file /home/pierre/Bureau/AOA/report/L1/P2/maqao_OPT_OMP/shared/lprof_npsu.csv_lprof_cat_per_process_from_node_Normandy_xp_lprof_npsu.csv has been generated
Info: The CSV file /home/pierre/Bureau/AOA/report/L1/P2/maqao_OPT_OMP/shared/lprof_npsu.csv_lprof_cat_per_thread_from_process_1348_from_node_Normandy_xp_lprof_npsu.csv has been generated

Info: The CSV file /home/pierre/Bureau/AOA/report/L1/P2/maqao_OPT_OMP/shared/lprof_npsu.csv_lprof_functions_summary_xp_lprof_npsu.csv has been generated
