[MAQAO] PROCESS LAUNCHED (host oceane-X751LB, process 1162)
38.68
38.65
38.63
38.64
38.65
38.65
38.65
38.31
37.37
37.35
37.36
37.38
37.35
37.37
37.36
37.37
37.35
37.37
37.38
37.37
37.37
37.36
37.38
37.36
37.36
37.35
37.35
37.41
37.36
37.37
37.37
[MAQAO] PROCESSING SAMPLES (host oceane-X751LB, process 1162)
[MAQAO] FINISHED PROCESSING SAMPLES (host oceane-X751LB, process 1162)
[MAQAO] STOP PROFILING (host oceane-X751LB, process 1162)
In fct collect_hwc (lua_lprof L8615):
Info: Copied kernel symbols from /proc/kallsyms
[MAQAO] ANALYZING EXECUTABLE /home/oceane/Documents/AOA/AOA/maqao/binary
[MAQAO] EXECUTABLE /home/oceane/Documents/AOA/AOA/maqao/binary DONE
[MAQAO] Your experiment path is /home/oceane/Documents/AOA/AOA/maqao/lprof_npsu/
[MAQAO] To display your profiling results:
####################################################################################
#     LEVEL    |   REPORT   |                        COMMAND                       #
####################################################################################
#  Functions   |  Summary   |  maqao lprof -df xp=/home/oceane/Documents/AOA/AOA/  #
#  Functions   |  Complete  |  maqao lprof -df xp=/home/oceane/Documents/AOA/AOA/  #
#  Loops       |  Summary   |  maqao lprof -dl xp=/home/oceane/Documents/AOA/AOA/  #
#  Loops       |  Complete  |  maqao lprof -dl xp=/home/oceane/Documents/AOA/AOA/  #
#  Fcts+Loops  |  HTML      |  maqao lprof     xp=/home/oceane/Documents/AOA/AOA/  #
####################################################################################
Info: The CSV file /home/oceane/Documents/AOA/AOA/maqao/shared/lprof_npsu.csv_lprof_loops_summary_xp_lprof_npsu.csv has been generated
Info: The CSV file /home/oceane/Documents/AOA/AOA/maqao/shared/lprof_fct_npsu.csv_lprof_cat_summary_lprof_npsu.csv has been generated

Info: The CSV file /home/oceane/Documents/AOA/AOA/maqao/shared/lprof_fct_npsu.csv_lprof_functions_summary_xp_lprof_npsu.csv has been generated
Info: The CSV file /home/oceane/Documents/AOA/AOA/maqao/shared/lprof_npsu.csv_lprof_loops_xp_lprof_npsu_H_oceane-X751LB_P_1162_T_1162.csv has been generated
Info: The CSV file /home/oceane/Documents/AOA/AOA/maqao/shared/lprof_fct_npsu.csv_lprof_cat_summary_lprof_npsu.csv has been generated

Info: The CSV file /home/oceane/Documents/AOA/AOA/maqao/shared/lprof_fct_npsu.csv_lprof_functions_xp_lprof_npsu_H_oceane-X751LB_P_1162_T_1162.csv has been generated
Info: The CSV file /home/oceane/Documents/AOA/AOA/maqao/shared/lprof_npsu.csv_lprof_cat_summary_lprof_npsu.csv has been generated
Info: The CSV file /home/oceane/Documents/AOA/AOA/maqao/shared/lprof_npsu.csv_lprof_cat_per_node_lprof_npsu.csv has been generated
Info: The CSV file /home/oceane/Documents/AOA/AOA/maqao/shared/lprof_npsu.csv_lprof_cat_per_process_from_node_oceane-X751LB_xp_lprof_npsu.csv has been generated
Info: The CSV file /home/oceane/Documents/AOA/AOA/maqao/shared/lprof_npsu.csv_lprof_cat_per_thread_from_process_1162_from_node_oceane-X751LB_xp_lprof_npsu.csv has been generated

Info: The CSV file /home/oceane/Documents/AOA/AOA/maqao/shared/lprof_npsu.csv_lprof_functions_summary_xp_lprof_npsu.csv has been generated
