[MAQAO] PROCESS LAUNCHED (host Normandy, process 2215)
23.09
23.08
23.08
23.08
23.09
23.09
23.08
23.08
23.08
23.09
23.08
23.09
23.10
23.10
23.10
23.10
23.10
23.10
23.10
23.10
23.10
23.10
23.10
23.10
23.10
23.10
23.10
23.10
23.10
23.10
23.10
[MAQAO] PROCESSING SAMPLES (host Normandy, process 2215)
[MAQAO] FINISHED PROCESSING SAMPLES (host Normandy, process 2215)
[MAQAO] STOP PROFILING (host Normandy, process 2215)
In fct collect_hwc (lua_lprof L8615):
Info: Copied kernel symbols from /proc/kallsyms
[MAQAO] ANALYZING EXECUTABLE /home/pierre/Bureau/AOA/report/L1/maqao_ref/binary
[MAQAO] EXECUTABLE /home/pierre/Bureau/AOA/report/L1/maqao_ref/binary DONE
[MAQAO] Your experiment path is /home/pierre/Bureau/AOA/report/L1/maqao_ref/lprof_npsu/
[MAQAO] To display your profiling results:
####################################################################################
#     LEVEL    |   REPORT   |                        COMMAND                       #
####################################################################################
#  Functions   |  Summary   |  maqao lprof -df xp=/home/pierre/Bureau/AOA/report/  #
#  Functions   |  Complete  |  maqao lprof -df xp=/home/pierre/Bureau/AOA/report/  #
#  Loops       |  Summary   |  maqao lprof -dl xp=/home/pierre/Bureau/AOA/report/  #
#  Loops       |  Complete  |  maqao lprof -dl xp=/home/pierre/Bureau/AOA/report/  #
#  Fcts+Loops  |  HTML      |  maqao lprof     xp=/home/pierre/Bureau/AOA/report/  #
####################################################################################
Info: The CSV file /home/pierre/Bureau/AOA/report/L1/maqao_ref/shared/lprof_npsu.csv_lprof_loops_summary_xp_lprof_npsu.csv has been generated
Info: The CSV file /home/pierre/Bureau/AOA/report/L1/maqao_ref/shared/lprof_fct_npsu.csv_lprof_cat_summary_lprof_npsu.csv has been generated

Info: The CSV file /home/pierre/Bureau/AOA/report/L1/maqao_ref/shared/lprof_fct_npsu.csv_lprof_functions_summary_xp_lprof_npsu.csv has been generated
Info: The CSV file /home/pierre/Bureau/AOA/report/L1/maqao_ref/shared/lprof_npsu.csv_lprof_loops_xp_lprof_npsu_H_Normandy_P_2215_T_2215.csv has been generated
Info: The CSV file /home/pierre/Bureau/AOA/report/L1/maqao_ref/shared/lprof_fct_npsu.csv_lprof_cat_summary_lprof_npsu.csv has been generated

Info: The CSV file /home/pierre/Bureau/AOA/report/L1/maqao_ref/shared/lprof_fct_npsu.csv_lprof_functions_xp_lprof_npsu_H_Normandy_P_2215_T_2215.csv has been generated
Info: The CSV file /home/pierre/Bureau/AOA/report/L1/maqao_ref/shared/lprof_npsu.csv_lprof_cat_summary_lprof_npsu.csv has been generated
Info: The CSV file /home/pierre/Bureau/AOA/report/L1/maqao_ref/shared/lprof_npsu.csv_lprof_cat_per_node_lprof_npsu.csv has been generated
Info: The CSV file /home/pierre/Bureau/AOA/report/L1/maqao_ref/shared/lprof_npsu.csv_lprof_cat_per_process_from_node_Normandy_xp_lprof_npsu.csv has been generated
Info: The CSV file /home/pierre/Bureau/AOA/report/L1/maqao_ref/shared/lprof_npsu.csv_lprof_cat_per_thread_from_process_2215_from_node_Normandy_xp_lprof_npsu.csv has been generated

Info: The CSV file /home/pierre/Bureau/AOA/report/L1/maqao_ref/shared/lprof_npsu.csv_lprof_functions_summary_xp_lprof_npsu.csv has been generated
