[MAQAO] PROCESS LAUNCHED (host oceane-X751LB, process 1083)
38.36
37.86
37.88
37.87
37.87
37.86
37.84
37.85
37.83
37.87
37.85
37.86
37.85
37.85
37.86
37.86
37.96
37.85
37.84
37.84
37.88
37.88
37.83
37.87
37.82
37.84
37.86
37.83
37.86
37.88
37.88
[MAQAO] PROCESSING SAMPLES (host oceane-X751LB, process 1083)
[MAQAO] FINISHED PROCESSING SAMPLES (host oceane-X751LB, process 1083)
[MAQAO] STOP PROFILING (host oceane-X751LB, process 1083)
In fct collect_hwc (lua_lprof L8615):
Info: Copied kernel symbols from /proc/kallsyms
[MAQAO] ANALYZING EXECUTABLE /home/oceane/Documents/AOA/AOA/maqao/binary
[MAQAO] EXECUTABLE /home/oceane/Documents/AOA/AOA/maqao/binary DONE
[MAQAO] Your experiment path is /home/oceane/Documents/AOA/AOA/maqao/lprof_npsu/
[MAQAO] To display your profiling results:
####################################################################################
#     LEVEL    |   REPORT   |                        COMMAND                       #
####################################################################################
#  Functions   |  Summary   |  maqao lprof -df xp=/home/oceane/Documents/AOA/AOA/  #
#  Functions   |  Complete  |  maqao lprof -df xp=/home/oceane/Documents/AOA/AOA/  #
#  Loops       |  Summary   |  maqao lprof -dl xp=/home/oceane/Documents/AOA/AOA/  #
#  Loops       |  Complete  |  maqao lprof -dl xp=/home/oceane/Documents/AOA/AOA/  #
#  Fcts+Loops  |  HTML      |  maqao lprof     xp=/home/oceane/Documents/AOA/AOA/  #
####################################################################################
Info: The CSV file /home/oceane/Documents/AOA/AOA/maqao/shared/lprof_npsu.csv_lprof_loops_summary_xp_lprof_npsu.csv has been generated
Info: The CSV file /home/oceane/Documents/AOA/AOA/maqao/shared/lprof_fct_npsu.csv_lprof_cat_summary_lprof_npsu.csv has been generated

Info: The CSV file /home/oceane/Documents/AOA/AOA/maqao/shared/lprof_fct_npsu.csv_lprof_functions_summary_xp_lprof_npsu.csv has been generated
Info: The CSV file /home/oceane/Documents/AOA/AOA/maqao/shared/lprof_npsu.csv_lprof_loops_xp_lprof_npsu_H_oceane-X751LB_P_1083_T_1083.csv has been generated
Info: The CSV file /home/oceane/Documents/AOA/AOA/maqao/shared/lprof_fct_npsu.csv_lprof_cat_summary_lprof_npsu.csv has been generated

Info: The CSV file /home/oceane/Documents/AOA/AOA/maqao/shared/lprof_fct_npsu.csv_lprof_functions_xp_lprof_npsu_H_oceane-X751LB_P_1083_T_1083.csv has been generated
Info: The CSV file /home/oceane/Documents/AOA/AOA/maqao/shared/lprof_npsu.csv_lprof_cat_summary_lprof_npsu.csv has been generated
Info: The CSV file /home/oceane/Documents/AOA/AOA/maqao/shared/lprof_npsu.csv_lprof_cat_per_node_lprof_npsu.csv has been generated
Info: The CSV file /home/oceane/Documents/AOA/AOA/maqao/shared/lprof_npsu.csv_lprof_cat_per_process_from_node_oceane-X751LB_xp_lprof_npsu.csv has been generated
Info: The CSV file /home/oceane/Documents/AOA/AOA/maqao/shared/lprof_npsu.csv_lprof_cat_per_thread_from_process_1083_from_node_oceane-X751LB_xp_lprof_npsu.csv has been generated

Info: The CSV file /home/oceane/Documents/AOA/AOA/maqao/shared/lprof_npsu.csv_lprof_functions_summary_xp_lprof_npsu.csv has been generated
