[MAQAO] PROCESS LAUNCHED (host Normandy, process 2261)
4.46
4.46
4.46
4.46
4.49
4.46
4.48
4.46
4.47
4.47
4.48
4.48
4.47
4.48
4.48
4.48
4.48
4.48
4.49
4.49
4.49
4.51
4.51
4.51
4.50
4.51
4.52
4.51
4.51
4.52
4.51
[MAQAO] PROCESSING SAMPLES (host Normandy, process 2261)
[MAQAO] FINISHED PROCESSING SAMPLES (host Normandy, process 2261)
[MAQAO] STOP PROFILING (host Normandy, process 2261)
In fct collect_hwc (lua_lprof L8615):
Info: Copied kernel symbols from /proc/kallsyms
[MAQAO] ANALYZING EXECUTABLE /home/pierre/Bureau/AOA/report/L1/maqao_opt/binary
[MAQAO] EXECUTABLE /home/pierre/Bureau/AOA/report/L1/maqao_opt/binary DONE
[MAQAO] Your experiment path is /home/pierre/Bureau/AOA/report/L1/maqao_opt/lprof_npsu/
[MAQAO] To display your profiling results:
####################################################################################
#     LEVEL    |   REPORT   |                        COMMAND                       #
####################################################################################
#  Functions   |  Summary   |  maqao lprof -df xp=/home/pierre/Bureau/AOA/report/  #
#  Functions   |  Complete  |  maqao lprof -df xp=/home/pierre/Bureau/AOA/report/  #
#  Loops       |  Summary   |  maqao lprof -dl xp=/home/pierre/Bureau/AOA/report/  #
#  Loops       |  Complete  |  maqao lprof -dl xp=/home/pierre/Bureau/AOA/report/  #
#  Fcts+Loops  |  HTML      |  maqao lprof     xp=/home/pierre/Bureau/AOA/report/  #
####################################################################################
Info: The CSV file /home/pierre/Bureau/AOA/report/L1/maqao_opt/shared/lprof_npsu.csv_lprof_loops_summary_xp_lprof_npsu.csv has been generated
Info: The CSV file /home/pierre/Bureau/AOA/report/L1/maqao_opt/shared/lprof_fct_npsu.csv_lprof_cat_summary_lprof_npsu.csv has been generated

Info: The CSV file /home/pierre/Bureau/AOA/report/L1/maqao_opt/shared/lprof_fct_npsu.csv_lprof_functions_summary_xp_lprof_npsu.csv has been generated
Info: The CSV file /home/pierre/Bureau/AOA/report/L1/maqao_opt/shared/lprof_npsu.csv_lprof_loops_xp_lprof_npsu_H_Normandy_P_2261_T_2261.csv has been generated
Info: The CSV file /home/pierre/Bureau/AOA/report/L1/maqao_opt/shared/lprof_fct_npsu.csv_lprof_cat_summary_lprof_npsu.csv has been generated

Info: The CSV file /home/pierre/Bureau/AOA/report/L1/maqao_opt/shared/lprof_fct_npsu.csv_lprof_functions_xp_lprof_npsu_H_Normandy_P_2261_T_2261.csv has been generated
Info: The CSV file /home/pierre/Bureau/AOA/report/L1/maqao_opt/shared/lprof_npsu.csv_lprof_cat_summary_lprof_npsu.csv has been generated
Info: The CSV file /home/pierre/Bureau/AOA/report/L1/maqao_opt/shared/lprof_npsu.csv_lprof_cat_per_node_lprof_npsu.csv has been generated
Info: The CSV file /home/pierre/Bureau/AOA/report/L1/maqao_opt/shared/lprof_npsu.csv_lprof_cat_per_process_from_node_Normandy_xp_lprof_npsu.csv has been generated
Info: The CSV file /home/pierre/Bureau/AOA/report/L1/maqao_opt/shared/lprof_npsu.csv_lprof_cat_per_thread_from_process_2261_from_node_Normandy_xp_lprof_npsu.csv has been generated

Info: The CSV file /home/pierre/Bureau/AOA/report/L1/maqao_opt/shared/lprof_npsu.csv_lprof_functions_summary_xp_lprof_npsu.csv has been generated
